[backblue.gif]
[fade.gif]
[index.html]
[luma.humatheme.com/assets/images/photodune-4161018-group-of-students-m.jpg]
[luma.humatheme.com/assets/images/paths/sketch_430x168.png]
[luma.humatheme.com/assets/images/256_luke-porter-261779-unsplash.jpg]
[luma.humatheme.com/assets/images/paths/invision_430x168.png]
[luma.humatheme.com/assets/images/256_michael-dam-258165-unsplash.jpg]
[luma.humatheme.com/assets/images/paths/photoshop_430x168.png]
[luma.humatheme.com/assets/images/256_rsz_1andy-lee-642320-unsplash.jpg]
[luma.humatheme.com/assets/images/paths/invision_200x168.png]
[luma.humatheme.com/assets/images/paths/react_40x40@2x.png]
[luma.humatheme.com/assets/images/paths/devops_40x40@2x.png]
[luma.humatheme.com/assets/images/paths/redis_40x40@2x.png]
[luma.humatheme.com/assets/images/paths/mailchimp_40x40@2x.png]
[luma.humatheme.com/assets/images/paths/swift_40x40@2x.png]
[luma.humatheme.com/assets/images/paths/wordpress_40x40@2x.png]
[luma.humatheme.com/assets/images/paths/sketch_40x40@2x.png]
[luma.humatheme.com/assets/images/paths/flinto_430x168.png]
[luma.humatheme.com/assets/images/paths/flinto_40x40@2x.png]
[luma.humatheme.com/assets/images/paths/photoshop_40x40@2x.png]
[luma.humatheme.com/assets/images/paths/figma_430x168.png]
[luma.humatheme.com/assets/images/paths/figma_40x40@2x.png]
[luma.humatheme.com/assets/images/logo/black-70@2x.png]
[luma.humatheme.com/assets/vendor/jquery.min.js]
[luma.humatheme.com/assets/vendor/popper.min.js]
[luma.humatheme.com/assets/vendor/bootstrap.min.js]
[luma.humatheme.com/assets/vendor/perfect-scrollbar.min.js]
[luma.humatheme.com/assets/vendor/dom-factory.js]
[luma.humatheme.com/assets/vendor/material-design-kit.js]
[luma.humatheme.com/assets/vendor/fix-footer.js]
[luma.humatheme.com/assets/js/app.js]
[luma.humatheme.com/index.html]
[fonts.googleapis.com/css8f03.css]
[luma.humatheme.com/assets/vendor/perfect-scrollbar.css]
[luma.humatheme.com/assets/vendor/fix-footer.css]
[luma.humatheme.com/assets/fonts/material-icons/MaterialIcons-Regular.eot]
[luma.humatheme.com/assets/fonts/material-icons/MaterialIcons-Regular.woff2]
[luma.humatheme.com/assets/fonts/material-icons/MaterialIcons-Regular.woff]
[luma.humatheme.com/assets/fonts/material-icons/MaterialIcons-Regular.ttf]
[luma.humatheme.com/assets/css/material-icons.css]
[luma.humatheme.com/assets/fonts/fontawesome-free/fa-brands-400.eot]
[luma.humatheme.com/assets/fonts/fontawesome-free/fa-brands-400.woff2]
[luma.humatheme.com/assets/fonts/fontawesome-free/fa-brands-400d41d.eot]
[luma.humatheme.com/assets/fonts/fontawesome-free/fa-brands-400.woff]
[luma.humatheme.com/assets/fonts/fontawesome-free/fa-brands-400.ttf]
[luma.humatheme.com/assets/fonts/fontawesome-free/fa-solid-900.eot]
[luma.humatheme.com/assets/fonts/fontawesome-free/fa-solid-900.woff2]
[luma.humatheme.com/assets/fonts/fontawesome-free/fa-solid-900d41d.eot]
[luma.humatheme.com/assets/fonts/fontawesome-free/fa-solid-900.woff]
[luma.humatheme.com/assets/fonts/fontawesome-free/fa-solid-900.ttf]
[luma.humatheme.com/assets/fonts/fontawesome-free/fa-regular-400.eot]
[luma.humatheme.com/assets/fonts/fontawesome-free/fa-regular-400.woff2]
[luma.humatheme.com/assets/fonts/fontawesome-free/fa-regular-400d41d.eot]
[luma.humatheme.com/assets/fonts/fontawesome-free/fa-regular-400.woff]
[luma.humatheme.com/assets/fonts/fontawesome-free/fa-regular-400.ttf]
[luma.humatheme.com/assets/css/fontawesome.css]
[luma.humatheme.com/assets/css/preloader.css]
[luma.humatheme.com/assets/css/app.css]
[luma.humatheme.com/fixed-index.html]
[luma.humatheme.com/assets/images/illustration/student/128/white.svg]
[luma.humatheme.com/assets/images/paths/mailchimp_430x168.png]
[luma.humatheme.com/assets/images/paths/xd_430x168.png]
[luma.humatheme.com/assets/images/paths/xd_40x40@2x.png]
[luma.humatheme.com/assets/images/paths/invision_40x40@2x.png]
[luma.humatheme.com/assets/images/paths/craft_430x168.png]
[luma.humatheme.com/assets/images/paths/craft_40x40@2x.png]
[luma.humatheme.com/assets/images/paths/angular_430x168.png]
[luma.humatheme.com/assets/images/paths/angular_40x40@2x.png]
[luma.humatheme.com/assets/images/paths/swift_430x168.png]
[luma.humatheme.com/assets/images/paths/wordpress_430x168.png]
[luma.humatheme.com/assets/images/paths/react_430x168.png]
[luma.humatheme.com/fixed-courses.html]
[luma.humatheme.com/assets/images/people/50/guy-6.jpg]
[luma.humatheme.com/assets/images/paths/angular_routing_200x168.png]
[luma.humatheme.com/assets/images/paths/angular_testing_200x168.png]
[luma.humatheme.com/assets/images/people/110/guy-6.jpg]
[luma.humatheme.com/fixed-student-course.html]
[luma.humatheme.com/assets/images/paths/angular_64x64.png]
[luma.humatheme.com/fixed-student-lesson.html]
[luma.humatheme.com/assets/images/people/110/woman-5.jpg]
[luma.humatheme.com/fixed-student-take-course.html]
[luma.humatheme.com/fixed-student-take-lesson.html]
[luma.humatheme.com/fixed-student-take-quiz.html]
[luma.humatheme.com/fixed-student-quiz-result-details.html]
[luma.humatheme.com/assets/images/achievements/flinto.png]
[luma.humatheme.com/assets/images/illustration/achievement/128/white.png]
[luma.humatheme.com/assets/images/achievements/angular.png]
[luma.humatheme.com/assets/images/paths/typescript_200x168.png]
[luma.humatheme.com/assets/images/paths/angular_200x168.png]
[luma.humatheme.com/assets/js/settings.js]
[luma.humatheme.com/assets/vendor/flatpickr/flatpickr.min.js]
[luma.humatheme.com/assets/js/flatpickr.js]
[luma.humatheme.com/assets/vendor/moment.min.js]
[luma.humatheme.com/assets/vendor/moment-range.min.js]
[luma.humatheme.com/assets/vendor/Chart.min.js]
[luma.humatheme.com/assets/js/chartjs.js]
[luma.humatheme.com/assets/js/page.student-dashboard.js]
[luma.humatheme.com/assets/vendor/list.min.js]
[luma.humatheme.com/assets/js/list.js]
[luma.humatheme.com/assets/js/toggle-check-all.js]
[luma.humatheme.com/assets/js/check-selected-row.js]
[luma.humatheme.com/fixed-student-dashboard.html]
[luma.humatheme.com/assets/images/paths/typescript_892x286.png]
[luma.humatheme.com/assets/images/paths/angular_testing_430x168.png]
[luma.humatheme.com/assets/images/paths/angular_routing_430x168.png]
[luma.humatheme.com/assets/images/paths/angular_services_430x168.png]
[luma.humatheme.com/assets/images/paths/angular_patterns_430x168.png]
[luma.humatheme.com/fixed-student-my-courses.html]
[luma.humatheme.com/assets/images/paths/mailchimp_200x168.png]
[luma.humatheme.com/assets/images/paths/xd_200x168.png]
[luma.humatheme.com/assets/images/paths/craft_200x168.png]
[luma.humatheme.com/fixed-student-quiz-results.html]
[luma.humatheme.com/fixed-help-center.html]
[luma.humatheme.com/fixed-paths.html]
[luma.humatheme.com/assets/images/paths/angular_96x96.png]
[luma.humatheme.com/fixed-student-path.html]
[luma.humatheme.com/fixed-student-path-assessment.html]
[luma.humatheme.com/fixed-student-path-assessment-result.html]
[luma.humatheme.com/fixed-student-paths.html]
[luma.humatheme.com/fixed-pricing.html]
[luma.humatheme.com/assets/js/chartjs-rounded-bar.js]
[luma.humatheme.com/assets/js/page.instructor-dashboard.js]
[luma.humatheme.com/fixed-instructor-dashboard.html]
[luma.humatheme.com/fixed-instructor-courses.html]
[luma.humatheme.com/fixed-instructor-quizzes.html]
[luma.humatheme.com/assets/js/page.instructor-earnings.js]
[luma.humatheme.com/fixed-instructor-earnings.html]
[luma.humatheme.com/fixed-instructor-statement.html]
[luma.humatheme.com/assets/vendor/quill.min.js]
[luma.humatheme.com/assets/js/quill.js]
[luma.humatheme.com/assets/vendor/select2/select2.min.js]
[luma.humatheme.com/assets/js/select2.js]
[luma.humatheme.com/fixed-instructor-edit-course.html]
[luma.humatheme.com/assets/js/hljs.js]
[luma.humatheme.com/fixed-instructor-edit-quiz.html]
[luma.humatheme.com/assets/images/people/110/guy-1.jpg]
[luma.humatheme.com/assets/images/people/110/guy-2.jpg]
[luma.humatheme.com/assets/images/paths/swift_200x168.png]
[luma.humatheme.com/assets/images/people/110/woman-1.jpg]
[luma.humatheme.com/assets/images/paths/wordpress_200x168.png]
[luma.humatheme.com/assets/images/people/110/woman-2.jpg]
[luma.humatheme.com/assets/images/people/110/guy-3.jpg]
[luma.humatheme.com/assets/images/paths/react_200x168.png]
[luma.humatheme.com/assets/images/people/110/woman-3.jpg]
[luma.humatheme.com/fixed-teachers.html]
[luma.humatheme.com/assets/images/stories/256_rsz_phil-hearing-769014-unsplash.jpg]
[luma.humatheme.com/assets/js/page.student-profile.js]
[luma.humatheme.com/fixed-student-profile.html]
[luma.humatheme.com/fixed-teacher-profile.html]
[luma.humatheme.com/assets/images/1280_work-station-straight-on-view.jpg]
[luma.humatheme.com/assets/images/paths/photoshop_200x168.png]
[luma.humatheme.com/assets/images/256_joao-silas-636453-unsplash.jpg]
[luma.humatheme.com/assets/images/256_jeremy-banks-798787-unsplash.jpg]
[luma.humatheme.com/assets/images/256_daniel-gaffey-1060698-unsplash.jpg]
[luma.humatheme.com/assets/images/paths/sketch_200x168.png]
[luma.humatheme.com/fixed-blog.html]
[luma.humatheme.com/fixed-blog-post.html]
[luma.humatheme.com/fixed-faq.html]
[luma.humatheme.com/fixed-discussions.html]
[luma.humatheme.com/assets/images/people/50/guy-1.jpg]
[luma.humatheme.com/assets/images/people/50/guy-2.jpg]
[luma.humatheme.com/assets/images/people/50/woman-1.jpg]
[luma.humatheme.com/assets/images/people/256/256_rsz_nicolas-horn-689011-unsplash.jpg]
[luma.humatheme.com/assets/images/people/256/256_rsz_sharina-mae-agellon-377466-unsplash.jpg]
[luma.humatheme.com/assets/images/people/256/256_rsz_karl-s-973833-unsplash.jpg]
[luma.humatheme.com/fixed-discussion.html]
[luma.humatheme.com/fixed-discussions-ask.html]
[luma.humatheme.com/fixed-login.html]
[luma.humatheme.com/fixed-signup.html]
[luma.humatheme.com/assets/js/page.erp-dashboard.js]
[luma.humatheme.com/fixed-erp-dashboard.html]
[luma.humatheme.com/assets/js/page.crm-dashboard.js]
[luma.humatheme.com/fixed-crm-dashboard.html]
[luma.humatheme.com/assets/js/page.hr-dashboard.js]
[luma.humatheme.com/fixed-hr-dashboard.html]
[luma.humatheme.com/assets/js/page.employees.js]
[luma.humatheme.com/fixed-employees.html]
[luma.humatheme.com/assets/js/page.staff.js]
[luma.humatheme.com/fixed-staff.html]
[luma.humatheme.com/fixed-leaves.html]
[luma.humatheme.com/fixed-departments.html]
[luma.humatheme.com/assets/images/stories/256_rsz_jared-rice-388260-unsplash.jpg]
[luma.humatheme.com/assets/js/page.projects.js]
[luma.humatheme.com/fixed-projects.html]
[luma.humatheme.com/assets/images/stories/256_rsz_dex-ezekiel-761373-unsplash.jpg]
[luma.humatheme.com/assets/js/page.tasks-board.js]
[luma.humatheme.com/fixed-tasks-board.html]
[luma.humatheme.com/fixed-tasks-list.html]
[luma.humatheme.com/fixed-kanban.html]
[luma.humatheme.com/assets/js/page.ecommerce.js]
[luma.humatheme.com/fixed-ecommerce.html]
[luma.humatheme.com/fixed-edit-product.html]
[luma.humatheme.com/assets/images/people/50/woman-5.jpg]
[luma.humatheme.com/assets/images/people/50/woman-2.jpg]
[luma.humatheme.com/assets/images/people/50/woman-3.jpg]
[luma.humatheme.com/assets/images/people/50/guy-3.jpg]
[luma.humatheme.com/assets/js/messages.js]
[luma.humatheme.com/fixed-messages.html]
[luma.humatheme.com/fixed-email.html]
[luma.humatheme.com/fixed-cms-dashboard.html]
[luma.humatheme.com/fixed-posts.html]
[luma.humatheme.com/fixed-signup-payment.html]
[luma.humatheme.com/fixed-reset-password.html]
[luma.humatheme.com/fixed-change-password.html]
[luma.humatheme.com/fixed-edit-account.html]
[luma.humatheme.com/fixed-edit-account-profile.html]
[luma.humatheme.com/fixed-edit-account-notifications.html]
[luma.humatheme.com/fixed-edit-account-password.html]
[luma.humatheme.com/fixed-billing.html]
[luma.humatheme.com/fixed-billing-upgrade.html]
[luma.humatheme.com/fixed-billing-payment.html]
[luma.humatheme.com/fixed-billing-history.html]
[luma.humatheme.com/fixed-billing-invoice.html]
[luma.humatheme.com/fixed-ui-buttons.html]
[luma.humatheme.com/assets/images/people/256/256_rsz_florian-perennes-594195-unsplash.jpg]
[luma.humatheme.com/assets/images/people/256/256_rsz_james-gillespie-714755-unsplash.jpg]
[luma.humatheme.com/assets/images/people/256/256_rsz_90-jiang-640827-unsplash.jpg]
[luma.humatheme.com/fixed-ui-avatars.html]
[luma.humatheme.com/assets/images/256_rsz_nicolas-horn-689011-unsplash.jpg]
[luma.humatheme.com/assets/images/256_rsz_clem-onojeghuo-150467-unsplash.jpg]
[luma.humatheme.com/assets/vendor/jquery.bootstrap-touchspin.js]
[luma.humatheme.com/assets/js/touchspin.js]
[luma.humatheme.com/assets/vendor/daterangepicker.js]
[luma.humatheme.com/assets/js/daterangepicker.js]
[luma.humatheme.com/assets/vendor/jquery.mask.min.js]
[luma.humatheme.com/fixed-ui-forms.html]
[luma.humatheme.com/fixed-ui-loaders.html]
[luma.humatheme.com/fixed-ui-tables.html]
[luma.humatheme.com/fixed-ui-cards.html]
[luma.humatheme.com/assets/vendor/vue.min.js]
[luma.humatheme.com/assets/js/app-icons.js]
[luma.humatheme.com/fixed-ui-icons.html]
[luma.humatheme.com/fixed-ui-tabs.html]
[luma.humatheme.com/fixed-ui-alerts.html]
[luma.humatheme.com/fixed-ui-badges.html]
[luma.humatheme.com/fixed-ui-progress.html]
[luma.humatheme.com/fixed-ui-pagination.html]
[luma.humatheme.com/assets/js/page.ui-charts.js]
[luma.humatheme.com/fixed-ui-plugin-charts.html]
[luma.humatheme.com/fixed-ui-plugin-flatpickr.html]
[luma.humatheme.com/fixed-ui-plugin-daterangepicker.html]
[luma.humatheme.com/assets/images/stories/256_rsz_thomas-russell-751613-unsplash.jpg]
[luma.humatheme.com/assets/images/256_rsz_sharina-mae-agellon-377466-unsplash.jpg]
[luma.humatheme.com/assets/images/stories/256_rsz_ross-sneddon-798476-unsplash.jpg]
[luma.humatheme.com/assets/images/256_rsz_florian-perennes-594195-unsplash.jpg]
[luma.humatheme.com/assets/images/256_rsz_karl-s-973833-unsplash.jpg]
[luma.humatheme.com/assets/images/256_rsz_90-jiang-640827-unsplash.jpg]
[luma.humatheme.com/assets/images/256_rsz_james-gillespie-714755-unsplash.jpg]
[luma.humatheme.com/assets/vendor/dragula/dragula.min.js]
[luma.humatheme.com/assets/js/dragula.js]
[luma.humatheme.com/fixed-ui-plugin-dragula.html]
[luma.humatheme.com/assets/vendor/dropzone.min.js]
[luma.humatheme.com/assets/js/dropzone.js]
[luma.humatheme.com/fixed-ui-plugin-dropzone.html]
[luma.humatheme.com/assets/vendor/ion.rangeSlider.min.js]
[luma.humatheme.com/assets/js/ion-rangeslider.js]
[luma.humatheme.com/fixed-ui-plugin-range-sliders.html]
[luma.humatheme.com/fixed-ui-plugin-quill.html]
[luma.humatheme.com/fixed-ui-plugin-select2.html]
[luma.humatheme.com/assets/vendor/jquery.nestable.js]
[luma.humatheme.com/assets/js/nestable.js]
[luma.humatheme.com/fixed-ui-plugin-nestable.html]
[cdn.jsdelivr.net/jquery.ui/1.11.4/jquery-ui.min.js]
[luma.humatheme.com/assets/vendor/jquery.fancytree-all.min.js]
[luma.humatheme.com/assets/js/fancytree.js]
[luma.humatheme.com/fixed-ui-plugin-fancytree.html]
[luma.humatheme.com/assets/vendor/jquery.jvectormap.min.js]
[luma.humatheme.com/assets/data/vector-maps/custom/jquery-jvectormap-world-mill-en.js]
[luma.humatheme.com/assets/data/vector-maps/custom/jquery-jvectormap-de-merc-en.js]
[luma.humatheme.com/assets/data/vector-maps/custom/jquery-jvectormap-es-merc-en.js]
[luma.humatheme.com/assets/data/vector-maps/custom/jquery-jvectormap-fr-merc-en.js]
[luma.humatheme.com/assets/data/vector-maps/custom/jquery-jvectormap-us-aea-en.js]
[luma.humatheme.com/assets/data/vector-maps/custom/jquery-jvectormap-us-lcc-en.js]
[luma.humatheme.com/assets/data/vector-maps/custom/mall-map.js]
[luma.humatheme.com/assets/data/vector-maps/data/gdp-data.js]
[luma.humatheme.com/assets/js/jvectormap.js]
[luma.humatheme.com/fixed-ui-plugin-maps-vector.html]
[luma.humatheme.com/assets/vendor/sweetalert.min.js]
[luma.humatheme.com/assets/js/sweetalert.js]
[luma.humatheme.com/fixed-ui-plugin-sweet-alert.html]
[luma.humatheme.com/assets/vendor/toastr.min.js]
[luma.humatheme.com/assets/js/toastr.js]
[luma.humatheme.com/fixed-ui-plugin-toastr.html]
[luma.humatheme.com/assets/js/sidebar-mini.js]
[luma.humatheme.com/compact-index.html]
[luma.humatheme.com/mini-index.html]
[luma.humatheme.com/mini-secondary-index.html]
[luma.humatheme.com/boxed-index.html]
[luma.humatheme.com/sticky-index.html]
[luma.humatheme.com/assets/fonts/fontawesome-free/fa-brands-400.svg]
[luma.humatheme.com/assets/fonts/fontawesome-free/fa-solid-900.svg]
[luma.humatheme.com/assets/fonts/fontawesome-free/fa-regular-400.svg]
[luma.humatheme.com/assets/images/marker/blue.png]
[luma.humatheme.com/compact-courses.html]
[luma.humatheme.com/mini-courses.html]
[luma.humatheme.com/mini-secondary-courses.html]
[luma.humatheme.com/courses.html]
[luma.humatheme.com/boxed-courses.html]
[luma.humatheme.com/sticky-courses.html]
[luma.humatheme.com/fixed-course.html]
[luma.humatheme.com/fixed-library-development.html]
[luma.humatheme.com/compact-student-course.html]
[luma.humatheme.com/mini-student-course.html]
[luma.humatheme.com/mini-secondary-student-course.html]
[luma.humatheme.com/student-course.html]
[luma.humatheme.com/boxed-student-course.html]
[luma.humatheme.com/sticky-student-course.html]
[luma.humatheme.com/assets/images/illustration/player.svg]
[luma.humatheme.com/fixed-lesson.html]
[luma.humatheme.com/compact-student-lesson.html]
[luma.humatheme.com/mini-student-lesson.html]
[luma.humatheme.com/mini-secondary-student-lesson.html]
[luma.humatheme.com/student-lesson.html]
[luma.humatheme.com/boxed-student-lesson.html]
[luma.humatheme.com/sticky-student-lesson.html]
[luma.humatheme.com/compact-student-take-course.html]
[luma.humatheme.com/mini-student-take-course.html]
[luma.humatheme.com/mini-secondary-student-take-course.html]
[luma.humatheme.com/student-take-course.html]
[luma.humatheme.com/boxed-student-take-course.html]
[luma.humatheme.com/sticky-student-take-course.html]
[luma.humatheme.com/compact-student-take-lesson.html]
[luma.humatheme.com/mini-student-take-lesson.html]
[luma.humatheme.com/mini-secondary-student-take-lesson.html]
[luma.humatheme.com/student-take-lesson.html]
[luma.humatheme.com/boxed-student-take-lesson.html]
[luma.humatheme.com/sticky-student-take-lesson.html]
[luma.humatheme.com/compact-student-take-quiz.html]
[luma.humatheme.com/mini-student-take-quiz.html]
[luma.humatheme.com/mini-secondary-student-take-quiz.html]
[luma.humatheme.com/student-take-quiz.html]
[luma.humatheme.com/boxed-student-take-quiz.html]
[luma.humatheme.com/sticky-student-take-quiz.html]
[luma.humatheme.com/compact-student-quiz-result-details.html]
[luma.humatheme.com/mini-student-quiz-result-details.html]
[luma.humatheme.com/mini-secondary-student-quiz-result-details.html]
[luma.humatheme.com/student-quiz-result-details.html]
[luma.humatheme.com/boxed-student-quiz-result-details.html]
[luma.humatheme.com/sticky-student-quiz-result-details.html]
[luma.humatheme.com/compact-student-dashboard.html]
[luma.humatheme.com/mini-student-dashboard.html]
[luma.humatheme.com/mini-secondary-student-dashboard.html]
[luma.humatheme.com/student-dashboard.html]
[luma.humatheme.com/boxed-student-dashboard.html]
[luma.humatheme.com/sticky-student-dashboard.html]
[luma.humatheme.com/assets/images/paths/typescript_64x64.svg]
[luma.humatheme.com/assets/images/paths/angular_64x64.svg]
[luma.humatheme.com/undefinedstudent-path.html]
[luma.humatheme.com/compact-student-my-courses.html]
[luma.humatheme.com/mini-student-my-courses.html]
[luma.humatheme.com/mini-secondary-student-my-courses.html]
[luma.humatheme.com/student-my-courses.html]
[luma.humatheme.com/boxed-student-my-courses.html]
[luma.humatheme.com/sticky-student-my-courses.html]
[luma.humatheme.com/compact-student-quiz-results.html]
[luma.humatheme.com/mini-student-quiz-results.html]
[luma.humatheme.com/mini-secondary-student-quiz-results.html]
[luma.humatheme.com/student-quiz-results.html]
[luma.humatheme.com/boxed-student-quiz-results.html]
[luma.humatheme.com/sticky-student-quiz-results.html]
[luma.humatheme.com/compact-help-center.html]
[luma.humatheme.com/mini-help-center.html]
[luma.humatheme.com/mini-secondary-help-center.html]
[luma.humatheme.com/help-center.html]
[luma.humatheme.com/boxed-help-center.html]
[luma.humatheme.com/sticky-help-center.html]
[luma.humatheme.com/compact-paths.html]
[luma.humatheme.com/mini-paths.html]
[luma.humatheme.com/mini-secondary-paths.html]
[luma.humatheme.com/paths.html]
[luma.humatheme.com/boxed-paths.html]
[luma.humatheme.com/sticky-paths.html]
[luma.humatheme.com/compact-student-path.html]
[luma.humatheme.com/mini-student-path.html]
[luma.humatheme.com/mini-secondary-student-path.html]
[luma.humatheme.com/student-path.html]
[luma.humatheme.com/boxed-student-path.html]
[luma.humatheme.com/sticky-student-path.html]
[luma.humatheme.com/compact-student-path-assessment.html]
[luma.humatheme.com/mini-student-path-assessment.html]
[luma.humatheme.com/mini-secondary-student-path-assessment.html]
[luma.humatheme.com/student-path-assessment.html]
[luma.humatheme.com/boxed-student-path-assessment.html]
[luma.humatheme.com/sticky-student-path-assessment.html]
[luma.humatheme.com/compact-student-path-assessment-result.html]
[luma.humatheme.com/mini-student-path-assessment-result.html]
[luma.humatheme.com/mini-secondary-student-path-assessment-result.html]
[luma.humatheme.com/student-path-assessment-result.html]
[luma.humatheme.com/boxed-student-path-assessment-result.html]
[luma.humatheme.com/sticky-student-path-assessment-result.html]
[luma.humatheme.com/compact-student-paths.html]
[luma.humatheme.com/mini-student-paths.html]
[luma.humatheme.com/mini-secondary-student-paths.html]
[luma.humatheme.com/student-paths.html]
[luma.humatheme.com/boxed-student-paths.html]
[luma.humatheme.com/sticky-student-paths.html]
[luma.humatheme.com/compact-pricing.html]
[luma.humatheme.com/mini-pricing.html]
[luma.humatheme.com/mini-secondary-pricing.html]
[luma.humatheme.com/pricing.html]
[luma.humatheme.com/boxed-pricing.html]
[luma.humatheme.com/sticky-pricing.html]
[luma.humatheme.com/fixed-invoice.html]
[luma.humatheme.com/fixed-profile.html]
[luma.humatheme.com/assets/images/illustration/teacher/128/white.svg]
[luma.humatheme.com/compact-instructor-dashboard.html]
[luma.humatheme.com/mini-instructor-dashboard.html]
[luma.humatheme.com/mini-secondary-instructor-dashboard.html]
[luma.humatheme.com/instructor-dashboard.html]
[luma.humatheme.com/boxed-instructor-dashboard.html]
[luma.humatheme.com/sticky-instructor-dashboard.html]
[luma.humatheme.com/compact-instructor-courses.html]
[luma.humatheme.com/mini-instructor-courses.html]
[luma.humatheme.com/mini-secondary-instructor-courses.html]
[luma.humatheme.com/instructor-courses.html]
[luma.humatheme.com/boxed-instructor-courses.html]
[luma.humatheme.com/sticky-instructor-courses.html]
[luma.humatheme.com/compact-instructor-quizzes.html]
[luma.humatheme.com/mini-instructor-quizzes.html]
[luma.humatheme.com/mini-secondary-instructor-quizzes.html]
[luma.humatheme.com/instructor-quizzes.html]
[luma.humatheme.com/boxed-instructor-quizzes.html]
[luma.humatheme.com/sticky-instructor-quizzes.html]
[luma.humatheme.com/assets/css/flatpickr.css]
[luma.humatheme.com/assets/css/flatpickr-airbnb.css]
[luma.humatheme.com/compact-instructor-earnings.html]
[luma.humatheme.com/mini-instructor-earnings.html]
[luma.humatheme.com/mini-secondary-instructor-earnings.html]
[luma.humatheme.com/instructor-earnings.html]
[luma.humatheme.com/boxed-instructor-earnings.html]
[luma.humatheme.com/sticky-instructor-earnings.html]
[luma.humatheme.com/compact-instructor-statement.html]
[luma.humatheme.com/mini-instructor-statement.html]
[luma.humatheme.com/mini-secondary-instructor-statement.html]
[luma.humatheme.com/instructor-statement.html]
[luma.humatheme.com/boxed-instructor-statement.html]
[luma.humatheme.com/sticky-instructor-statement.html]
[luma.humatheme.com/assets/css/quill.css]
[luma.humatheme.com/assets/css/select2.css]
[luma.humatheme.com/assets/vendor/select2/select2.min.css]
[luma.humatheme.com/compact-instructor-edit-course.html]
[luma.humatheme.com/mini-instructor-edit-course.html]
[luma.humatheme.com/mini-secondary-instructor-edit-course.html]
[luma.humatheme.com/instructor-edit-course.html]
[luma.humatheme.com/boxed-instructor-edit-course.html]
[luma.humatheme.com/sticky-instructor-edit-course.html]
[luma.humatheme.com/compact-instructor-edit-quiz.html]
[luma.humatheme.com/mini-instructor-edit-quiz.html]
[luma.humatheme.com/mini-secondary-instructor-edit-quiz.html]
[luma.humatheme.com/instructor-edit-quiz.html]
[luma.humatheme.com/boxed-instructor-edit-quiz.html]
[luma.humatheme.com/sticky-instructor-edit-quiz.html]
[luma.humatheme.com/compact-teachers.html]
[luma.humatheme.com/mini-teachers.html]
[luma.humatheme.com/mini-secondary-teachers.html]
[luma.humatheme.com/teachers.html]
[luma.humatheme.com/boxed-teachers.html]
[luma.humatheme.com/sticky-teachers.html]
[luma.humatheme.com/compact-student-profile.html]
[luma.humatheme.com/mini-student-profile.html]
[luma.humatheme.com/mini-secondary-student-profile.html]
[luma.humatheme.com/student-profile.html]
[luma.humatheme.com/boxed-student-profile.html]
[luma.humatheme.com/sticky-student-profile.html]
[luma.humatheme.com/compact-teacher-profile.html]
[luma.humatheme.com/mini-teacher-profile.html]
[luma.humatheme.com/mini-secondary-teacher-profile.html]
[luma.humatheme.com/teacher-profile.html]
[luma.humatheme.com/boxed-teacher-profile.html]
[luma.humatheme.com/sticky-teacher-profile.html]
[luma.humatheme.com/compact-blog.html]
[luma.humatheme.com/mini-blog.html]
[luma.humatheme.com/mini-secondary-blog.html]
[luma.humatheme.com/blog.html]
[luma.humatheme.com/boxed-blog.html]
[luma.humatheme.com/sticky-blog.html]
[luma.humatheme.com/compact-blog-post.html]
[luma.humatheme.com/mini-blog-post.html]
[luma.humatheme.com/mini-secondary-blog-post.html]
[luma.humatheme.com/blog-post.html]
[luma.humatheme.com/boxed-blog-post.html]
[luma.humatheme.com/sticky-blog-post.html]
[luma.humatheme.com/compact-faq.html]
[luma.humatheme.com/mini-faq.html]
[luma.humatheme.com/mini-secondary-faq.html]
[luma.humatheme.com/faq.html]
[luma.humatheme.com/boxed-faq.html]
[luma.humatheme.com/sticky-faq.html]
[luma.humatheme.com/compact-discussions.html]
[luma.humatheme.com/mini-discussions.html]
[luma.humatheme.com/mini-secondary-discussions.html]
[luma.humatheme.com/discussions.html]
[luma.humatheme.com/boxed-discussions.html]
[luma.humatheme.com/sticky-discussions.html]
[luma.humatheme.com/compact-discussion.html]
[luma.humatheme.com/mini-discussion.html]
[luma.humatheme.com/mini-secondary-discussion.html]
[luma.humatheme.com/discussion.html]
[luma.humatheme.com/boxed-discussion.html]
[luma.humatheme.com/sticky-discussion.html]
[luma.humatheme.com/compact-discussions-ask.html]
[luma.humatheme.com/mini-discussions-ask.html]
[luma.humatheme.com/mini-secondary-discussions-ask.html]
[luma.humatheme.com/discussions-ask.html]
[luma.humatheme.com/boxed-discussions-ask.html]
[luma.humatheme.com/sticky-discussions-ask.html]
[luma.humatheme.com/compact-login.html]
[luma.humatheme.com/mini-login.html]
[luma.humatheme.com/mini-secondary-login.html]
[luma.humatheme.com/login.html]
[luma.humatheme.com/boxed-login.html]
[luma.humatheme.com/sticky-login.html]
[luma.humatheme.com/compact-signup.html]
[luma.humatheme.com/mini-signup.html]
[luma.humatheme.com/mini-secondary-signup.html]
[luma.humatheme.com/signup.html]
[luma.humatheme.com/boxed-signup.html]
[luma.humatheme.com/sticky-signup.html]
[luma.humatheme.com/compact-erp-dashboard.html]
[luma.humatheme.com/mini-erp-dashboard.html]
[luma.humatheme.com/mini-secondary-erp-dashboard.html]
[luma.humatheme.com/erp-dashboard.html]
[luma.humatheme.com/boxed-erp-dashboard.html]
[luma.humatheme.com/sticky-erp-dashboard.html]
[luma.humatheme.com/compact-crm-dashboard.html]
[luma.humatheme.com/mini-crm-dashboard.html]
[luma.humatheme.com/mini-secondary-crm-dashboard.html]
[luma.humatheme.com/crm-dashboard.html]
[luma.humatheme.com/boxed-crm-dashboard.html]
[luma.humatheme.com/sticky-crm-dashboard.html]
[luma.humatheme.com/compact-hr-dashboard.html]
[luma.humatheme.com/mini-hr-dashboard.html]
[luma.humatheme.com/mini-secondary-hr-dashboard.html]
[luma.humatheme.com/hr-dashboard.html]
[luma.humatheme.com/boxed-hr-dashboard.html]
[luma.humatheme.com/sticky-hr-dashboard.html]
[luma.humatheme.com/compact-employees.html]
[luma.humatheme.com/mini-employees.html]
[luma.humatheme.com/mini-secondary-employees.html]
[luma.humatheme.com/employees.html]
[luma.humatheme.com/boxed-employees.html]
[luma.humatheme.com/sticky-employees.html]
[luma.humatheme.com/compact-staff.html]
[luma.humatheme.com/mini-staff.html]
[luma.humatheme.com/mini-secondary-staff.html]
[luma.humatheme.com/staff.html]
[luma.humatheme.com/boxed-staff.html]
[luma.humatheme.com/sticky-staff.html]
[luma.humatheme.com/compact-leaves.html]
[luma.humatheme.com/mini-leaves.html]
[luma.humatheme.com/mini-secondary-leaves.html]
[luma.humatheme.com/leaves.html]
[luma.humatheme.com/boxed-leaves.html]
[luma.humatheme.com/sticky-leaves.html]
[luma.humatheme.com/compact-projects.html]
[luma.humatheme.com/mini-projects.html]
[luma.humatheme.com/mini-secondary-projects.html]
[luma.humatheme.com/projects.html]
[luma.humatheme.com/boxed-projects.html]
[luma.humatheme.com/sticky-projects.html]
[luma.humatheme.com/compact-tasks-board.html]
[luma.humatheme.com/mini-tasks-board.html]
[luma.humatheme.com/mini-secondary-tasks-board.html]
[luma.humatheme.com/tasks-board.html]
[luma.humatheme.com/boxed-tasks-board.html]
[luma.humatheme.com/sticky-tasks-board.html]
[luma.humatheme.com/compact-tasks-list.html]
[luma.humatheme.com/mini-tasks-list.html]
[luma.humatheme.com/mini-secondary-tasks-list.html]
[luma.humatheme.com/tasks-list.html]
[luma.humatheme.com/boxed-tasks-list.html]
[luma.humatheme.com/sticky-tasks-list.html]
[luma.humatheme.com/compact-ecommerce.html]
[luma.humatheme.com/mini-ecommerce.html]
[luma.humatheme.com/mini-secondary-ecommerce.html]
[luma.humatheme.com/ecommerce.html]
[luma.humatheme.com/boxed-ecommerce.html]
[luma.humatheme.com/sticky-ecommerce.html]
[luma.humatheme.com/compact-messages.html]
[luma.humatheme.com/mini-messages.html]
[luma.humatheme.com/mini-secondary-messages.html]
[luma.humatheme.com/messages.html]
[luma.humatheme.com/boxed-messages.html]
[luma.humatheme.com/sticky-messages.html]
[luma.humatheme.com/compact-email.html]
[luma.humatheme.com/mini-email.html]
[luma.humatheme.com/mini-secondary-email.html]
[luma.humatheme.com/email.html]
[luma.humatheme.com/boxed-email.html]
[luma.humatheme.com/sticky-email.html]
[luma.humatheme.com/compact-cms-dashboard.html]
[luma.humatheme.com/mini-cms-dashboard.html]
[luma.humatheme.com/mini-secondary-cms-dashboard.html]
[luma.humatheme.com/cms-dashboard.html]
[luma.humatheme.com/boxed-cms-dashboard.html]
[luma.humatheme.com/sticky-cms-dashboard.html]
[luma.humatheme.com/compact-posts.html]
[luma.humatheme.com/mini-posts.html]
[luma.humatheme.com/mini-secondary-posts.html]
[luma.humatheme.com/posts.html]
[luma.humatheme.com/boxed-posts.html]
[luma.humatheme.com/sticky-posts.html]
[luma.humatheme.com/compact-signup-payment.html]
[luma.humatheme.com/mini-signup-payment.html]
[luma.humatheme.com/mini-secondary-signup-payment.html]
[luma.humatheme.com/signup-payment.html]
[luma.humatheme.com/boxed-signup-payment.html]
[luma.humatheme.com/sticky-signup-payment.html]
[luma.humatheme.com/compact-reset-password.html]
[luma.humatheme.com/mini-reset-password.html]
[luma.humatheme.com/mini-secondary-reset-password.html]
[luma.humatheme.com/reset-password.html]
[luma.humatheme.com/boxed-reset-password.html]
[luma.humatheme.com/sticky-reset-password.html]
[luma.humatheme.com/compact-change-password.html]
[luma.humatheme.com/mini-change-password.html]
[luma.humatheme.com/mini-secondary-change-password.html]
[luma.humatheme.com/change-password.html]
[luma.humatheme.com/boxed-change-password.html]
[luma.humatheme.com/sticky-change-password.html]
[luma.humatheme.com/compact-edit-account.html]
[luma.humatheme.com/mini-edit-account.html]
[luma.humatheme.com/mini-secondary-edit-account.html]
[luma.humatheme.com/edit-account.html]
[luma.humatheme.com/boxed-edit-account.html]
[luma.humatheme.com/sticky-edit-account.html]
[luma.humatheme.com/compact-edit-account-profile.html]
[luma.humatheme.com/mini-edit-account-profile.html]
[luma.humatheme.com/mini-secondary-edit-account-profile.html]
[luma.humatheme.com/edit-account-profile.html]
[luma.humatheme.com/boxed-edit-account-profile.html]
[luma.humatheme.com/sticky-edit-account-profile.html]
[luma.humatheme.com/compact-edit-account-notifications.html]
[luma.humatheme.com/mini-edit-account-notifications.html]
[luma.humatheme.com/mini-secondary-edit-account-notifications.html]
[luma.humatheme.com/edit-account-notifications.html]
[luma.humatheme.com/boxed-edit-account-notifications.html]
[luma.humatheme.com/sticky-edit-account-notifications.html]
[luma.humatheme.com/compact-edit-account-password.html]
[luma.humatheme.com/mini-edit-account-password.html]
[luma.humatheme.com/mini-secondary-edit-account-password.html]
[luma.humatheme.com/edit-account-password.html]
[luma.humatheme.com/boxed-edit-account-password.html]
[luma.humatheme.com/sticky-edit-account-password.html]
[luma.humatheme.com/assets/images/visa.svg]
[luma.humatheme.com/compact-billing.html]
[luma.humatheme.com/mini-billing.html]
[luma.humatheme.com/mini-secondary-billing.html]
[luma.humatheme.com/billing.html]
[luma.humatheme.com/boxed-billing.html]
[luma.humatheme.com/sticky-billing.html]
[luma.humatheme.com/compact-billing-upgrade.html]
[luma.humatheme.com/mini-billing-upgrade.html]
[luma.humatheme.com/mini-secondary-billing-upgrade.html]
[luma.humatheme.com/billing-upgrade.html]
[luma.humatheme.com/boxed-billing-upgrade.html]
[luma.humatheme.com/sticky-billing-upgrade.html]
[luma.humatheme.com/compact-billing-payment.html]
[luma.humatheme.com/mini-billing-payment.html]
[luma.humatheme.com/mini-secondary-billing-payment.html]
[luma.humatheme.com/billing-payment.html]
[luma.humatheme.com/boxed-billing-payment.html]
[luma.humatheme.com/sticky-billing-payment.html]
[luma.humatheme.com/compact-billing-history.html]
[luma.humatheme.com/mini-billing-history.html]
[luma.humatheme.com/mini-secondary-billing-history.html]
[luma.humatheme.com/billing-history.html]
[luma.humatheme.com/boxed-billing-history.html]
[luma.humatheme.com/sticky-billing-history.html]
[luma.humatheme.com/compact-billing-invoice.html]
[luma.humatheme.com/mini-billing-invoice.html]
[luma.humatheme.com/mini-secondary-billing-invoice.html]
[luma.humatheme.com/billing-invoice.html]
[luma.humatheme.com/boxed-billing-invoice.html]
[luma.humatheme.com/sticky-billing-invoice.html]
[luma.humatheme.com/compact-ui-buttons.html]
[luma.humatheme.com/mini-ui-buttons.html]
[luma.humatheme.com/mini-secondary-ui-buttons.html]
[luma.humatheme.com/ui-buttons.html]
[luma.humatheme.com/boxed-ui-buttons.html]
[luma.humatheme.com/sticky-ui-buttons.html]
[luma.humatheme.com/compact-ui-avatars.html]
[luma.humatheme.com/mini-ui-avatars.html]
[luma.humatheme.com/mini-secondary-ui-avatars.html]
[luma.humatheme.com/ui-avatars.html]
[luma.humatheme.com/boxed-ui-avatars.html]
[luma.humatheme.com/sticky-ui-avatars.html]
[luma.humatheme.com/assets/vendor/daterangepicker.css]
[luma.humatheme.com/assets/css/bootstrap-touchspin.css]
[luma.humatheme.com/compact-ui-forms.html]
[luma.humatheme.com/mini-ui-forms.html]
[luma.humatheme.com/mini-secondary-ui-forms.html]
[luma.humatheme.com/ui-forms.html]
[luma.humatheme.com/boxed-ui-forms.html]
[luma.humatheme.com/sticky-ui-forms.html]
[luma.humatheme.com/compact-ui-loaders.html]
[luma.humatheme.com/mini-ui-loaders.html]
[luma.humatheme.com/mini-secondary-ui-loaders.html]
[luma.humatheme.com/ui-loaders.html]
[luma.humatheme.com/boxed-ui-loaders.html]
[luma.humatheme.com/sticky-ui-loaders.html]
[luma.humatheme.com/compact-ui-tables.html]
[luma.humatheme.com/mini-ui-tables.html]
[luma.humatheme.com/mini-secondary-ui-tables.html]
[luma.humatheme.com/ui-tables.html]
[luma.humatheme.com/boxed-ui-tables.html]
[luma.humatheme.com/sticky-ui-tables.html]
[luma.humatheme.com/compact-ui-cards.html]
[luma.humatheme.com/mini-ui-cards.html]
[luma.humatheme.com/mini-secondary-ui-cards.html]
[luma.humatheme.com/ui-cards.html]
[luma.humatheme.com/boxed-ui-cards.html]
[luma.humatheme.com/sticky-ui-cards.html]
[luma.humatheme.com/compact-ui-icons.html]
[luma.humatheme.com/mini-ui-icons.html]
[luma.humatheme.com/mini-secondary-ui-icons.html]
[luma.humatheme.com/ui-icons.html]
[luma.humatheme.com/boxed-ui-icons.html]
[luma.humatheme.com/sticky-ui-icons.html]
[luma.humatheme.com/compact-ui-tabs.html]
[luma.humatheme.com/mini-ui-tabs.html]
[luma.humatheme.com/mini-secondary-ui-tabs.html]
[luma.humatheme.com/ui-tabs.html]
[luma.humatheme.com/boxed-ui-tabs.html]
[luma.humatheme.com/sticky-ui-tabs.html]
[luma.humatheme.com/compact-ui-alerts.html]
[luma.humatheme.com/mini-ui-alerts.html]
[luma.humatheme.com/mini-secondary-ui-alerts.html]
[luma.humatheme.com/ui-alerts.html]
[luma.humatheme.com/boxed-ui-alerts.html]
[luma.humatheme.com/sticky-ui-alerts.html]
[luma.humatheme.com/compact-ui-badges.html]
[luma.humatheme.com/mini-ui-badges.html]
[luma.humatheme.com/mini-secondary-ui-badges.html]
[luma.humatheme.com/ui-badges.html]
[luma.humatheme.com/boxed-ui-badges.html]
[luma.humatheme.com/sticky-ui-badges.html]
[luma.humatheme.com/compact-ui-progress.html]
[luma.humatheme.com/mini-ui-progress.html]
[luma.humatheme.com/mini-secondary-ui-progress.html]
[luma.humatheme.com/ui-progress.html]
[luma.humatheme.com/boxed-ui-progress.html]
[luma.humatheme.com/sticky-ui-progress.html]
[luma.humatheme.com/compact-ui-pagination.html]
[luma.humatheme.com/mini-ui-pagination.html]
[luma.humatheme.com/mini-secondary-ui-pagination.html]
[luma.humatheme.com/ui-pagination.html]
[luma.humatheme.com/boxed-ui-pagination.html]
[luma.humatheme.com/sticky-ui-pagination.html]
[luma.humatheme.com/compact-ui-plugin-charts.html]
[luma.humatheme.com/mini-ui-plugin-charts.html]
[luma.humatheme.com/mini-secondary-ui-plugin-charts.html]
[luma.humatheme.com/ui-plugin-charts.html]
[luma.humatheme.com/boxed-ui-plugin-charts.html]
[luma.humatheme.com/sticky-ui-plugin-charts.html]
[luma.humatheme.com/compact-ui-plugin-flatpickr.html]
[luma.humatheme.com/mini-ui-plugin-flatpickr.html]
[luma.humatheme.com/mini-secondary-ui-plugin-flatpickr.html]
[luma.humatheme.com/ui-plugin-flatpickr.html]
[luma.humatheme.com/boxed-ui-plugin-flatpickr.html]
[luma.humatheme.com/sticky-ui-plugin-flatpickr.html]
[luma.humatheme.com/compact-ui-plugin-daterangepicker.html]
[luma.humatheme.com/mini-ui-plugin-daterangepicker.html]
[luma.humatheme.com/mini-secondary-ui-plugin-daterangepicker.html]
[luma.humatheme.com/ui-plugin-daterangepicker.html]
[luma.humatheme.com/boxed-ui-plugin-daterangepicker.html]
[luma.humatheme.com/sticky-ui-plugin-daterangepicker.html]
[luma.humatheme.com/assets/vendor/dragula/dragula.min.css]
[luma.humatheme.com/compact-ui-plugin-dragula.html]
[luma.humatheme.com/mini-ui-plugin-dragula.html]
[luma.humatheme.com/mini-secondary-ui-plugin-dragula.html]
[luma.humatheme.com/ui-plugin-dragula.html]
[luma.humatheme.com/boxed-ui-plugin-dragula.html]
[luma.humatheme.com/sticky-ui-plugin-dragula.html]
[luma.humatheme.com/assets/css/dropzone.css]
[luma.humatheme.com/compact-ui-plugin-dropzone.html]
[luma.humatheme.com/mini-ui-plugin-dropzone.html]
[luma.humatheme.com/mini-secondary-ui-plugin-dropzone.html]
[luma.humatheme.com/ui-plugin-dropzone.html]
[luma.humatheme.com/boxed-ui-plugin-dropzone.html]
[luma.humatheme.com/sticky-ui-plugin-dropzone.html]
[luma.humatheme.com/assets/css/ion-rangeslider.css]
[luma.humatheme.com/compact-ui-plugin-range-sliders.html]
[luma.humatheme.com/mini-ui-plugin-range-sliders.html]
[luma.humatheme.com/mini-secondary-ui-plugin-range-sliders.html]
[luma.humatheme.com/ui-plugin-range-sliders.html]
[luma.humatheme.com/boxed-ui-plugin-range-sliders.html]
[luma.humatheme.com/sticky-ui-plugin-range-sliders.html]
[luma.humatheme.com/compact-ui-plugin-quill.html]
[luma.humatheme.com/mini-ui-plugin-quill.html]
[luma.humatheme.com/mini-secondary-ui-plugin-quill.html]
[luma.humatheme.com/ui-plugin-quill.html]
[luma.humatheme.com/boxed-ui-plugin-quill.html]
[luma.humatheme.com/sticky-ui-plugin-quill.html]
[luma.humatheme.com/compact-ui-plugin-select2.html]
[luma.humatheme.com/mini-ui-plugin-select2.html]
[luma.humatheme.com/mini-secondary-ui-plugin-select2.html]
[luma.humatheme.com/ui-plugin-select2.html]
[luma.humatheme.com/boxed-ui-plugin-select2.html]
[luma.humatheme.com/sticky-ui-plugin-select2.html]
[luma.humatheme.com/assets/css/nestable.css]
[luma.humatheme.com/compact-ui-plugin-nestable.html]
[luma.humatheme.com/mini-ui-plugin-nestable.html]
[luma.humatheme.com/mini-secondary-ui-plugin-nestable.html]
[luma.humatheme.com/ui-plugin-nestable.html]
[luma.humatheme.com/boxed-ui-plugin-nestable.html]
[luma.humatheme.com/sticky-ui-plugin-nestable.html]
[luma.humatheme.com/assets/css/fancytree.css]
[luma.humatheme.com/compact-ui-plugin-fancytree.html]
[luma.humatheme.com/mini-ui-plugin-fancytree.html]
[luma.humatheme.com/mini-secondary-ui-plugin-fancytree.html]
[luma.humatheme.com/ui-plugin-fancytree.html]
[luma.humatheme.com/boxed-ui-plugin-fancytree.html]
[luma.humatheme.com/sticky-ui-plugin-fancytree.html]
[luma.humatheme.com/assets/vendor/jquery-jvectormap.css]
[luma.humatheme.com/assets/css/jvectormap.css]
[luma.humatheme.com/tutorials/data-visualization/index.html]
[luma.humatheme.com/compact-ui-plugin-maps-vector.html]
[luma.humatheme.com/mini-ui-plugin-maps-vector.html]
[luma.humatheme.com/mini-secondary-ui-plugin-maps-vector.html]
[luma.humatheme.com/ui-plugin-maps-vector.html]
[luma.humatheme.com/boxed-ui-plugin-maps-vector.html]
[luma.humatheme.com/sticky-ui-plugin-maps-vector.html]
[luma.humatheme.com/assets/css/sweetalert.css]
[luma.humatheme.com/compact-ui-plugin-sweet-alert.html]
[luma.humatheme.com/mini-ui-plugin-sweet-alert.html]
[luma.humatheme.com/mini-secondary-ui-plugin-sweet-alert.html]
[luma.humatheme.com/ui-plugin-sweet-alert.html]
[luma.humatheme.com/boxed-ui-plugin-sweet-alert.html]
[luma.humatheme.com/sticky-ui-plugin-sweet-alert.html]
[luma.humatheme.com/assets/vendor/toastr.min.css]
[luma.humatheme.com/assets/css/toastr.css]
[luma.humatheme.com/compact-ui-plugin-toastr.html]
[luma.humatheme.com/mini-ui-plugin-toastr.html]
[luma.humatheme.com/mini-secondary-ui-plugin-toastr.html]
[luma.humatheme.com/ui-plugin-toastr.html]
[luma.humatheme.com/boxed-ui-plugin-toastr.html]
[luma.humatheme.com/sticky-ui-plugin-toastr.html]
[luma.humatheme.com/compact-departments.html]
[luma.humatheme.com/compact-kanban.html]
[luma.humatheme.com/compact-edit-product.html]
[luma.humatheme.com/mini-departments.html]
[luma.humatheme.com/mini-kanban.html]
[luma.humatheme.com/mini-edit-product.html]
[luma.humatheme.com/mini-secondary-departments.html]
[luma.humatheme.com/mini-secondary-kanban.html]
[luma.humatheme.com/mini-secondary-edit-product.html]
[luma.humatheme.com/boxed-departments.html]
[luma.humatheme.com/boxed-kanban.html]
[luma.humatheme.com/boxed-edit-product.html]
[luma.humatheme.com/sticky-departments.html]
[luma.humatheme.com/sticky-kanban.html]
[luma.humatheme.com/sticky-edit-product.html]
[luma.humatheme.com/departments.html]
[luma.humatheme.com/kanban.html]
[luma.humatheme.com/edit-product.html]
[luma.humatheme.com/compact-course.html]
[luma.humatheme.com/compact-library-development.html]
[luma.humatheme.com/mini-course.html]
[luma.humatheme.com/mini-library-development.html]
[luma.humatheme.com/mini-secondary-course.html]
[luma.humatheme.com/mini-secondary-library-development.html]
[luma.humatheme.com/course.html]
[luma.humatheme.com/library-development.html]
[luma.humatheme.com/boxed-course.html]
[luma.humatheme.com/boxed-library-development.html]
[luma.humatheme.com/sticky-course.html]
[luma.humatheme.com/sticky-library-development.html]
[luma.humatheme.com/compact-lesson.html]
[luma.humatheme.com/mini-lesson.html]
[luma.humatheme.com/mini-secondary-lesson.html]
[luma.humatheme.com/lesson.html]
[luma.humatheme.com/boxed-lesson.html]
[luma.humatheme.com/sticky-lesson.html]
[luma.humatheme.com/compact-invoice.html]
[luma.humatheme.com/compact-profile.html]
[luma.humatheme.com/mini-invoice.html]
[luma.humatheme.com/mini-profile.html]
[luma.humatheme.com/mini-secondary-invoice.html]
[luma.humatheme.com/mini-secondary-profile.html]
[luma.humatheme.com/invoice.html]
[luma.humatheme.com/profile.html]
[luma.humatheme.com/boxed-invoice.html]
[luma.humatheme.com/boxed-profile.html]
[luma.humatheme.com/sticky-invoice.html]
[luma.humatheme.com/sticky-profile.html]
